<?xml version="1.0" encoding="UTF-8"?>
<testng-results ignored="0" total="1" passed="1" failed="0" skipped="0">
  <reporter-output>
  </reporter-output>
  <suite started-at="2024-12-30T20:00:29 GMT-05:00" name="Default suite" finished-at="2024-12-30T20:00:49 GMT-05:00" duration-ms="19518">
    <groups>
    </groups>
    <test started-at="2024-12-30T20:00:29 GMT-05:00" name="Default test" finished-at="2024-12-30T20:00:49 GMT-05:00" duration-ms="19518">
      <class name="xpathtest.Xpathtest">
        <test-method signature="xpathtestcase()[pri:0, instance:xpathtest.Xpathtest@765d7657]" started-at="2024-12-30T20:00:30 GMT-05:00" name="xpathtestcase" finished-at="2024-12-30T20:00:49 GMT-05:00" duration-ms="19379" status="PASS">
          <reporter-output>
          </reporter-output>
        </test-method> <!-- xpathtestcase -->
      </class> <!-- xpathtest.Xpathtest -->
    </test> <!-- Default test -->
  </suite> <!-- Default suite -->
</testng-results>
