<?xml version="1.0" encoding="UTF-8"?>
<testng-results ignored="0" total="1" passed="1" failed="0" skipped="0">
  <reporter-output>
  </reporter-output>
  <suite started-at="2024-12-18T20:02:45 GMT-05:00" name="Default suite" finished-at="2024-12-18T20:02:54 GMT-05:00" duration-ms="9120">
    <groups>
    </groups>
    <test started-at="2024-12-18T20:02:45 GMT-05:00" name="Default test" finished-at="2024-12-18T20:02:54 GMT-05:00" duration-ms="9120">
      <class name="testngtest.Forgotpasswordtest">
        <test-method is-config="true" signature="start()[pri:0, instance:testngtest.Forgotpasswordtest@5b7a5baa]" started-at="2024-12-18T20:02:45 GMT-05:00" name="start" finished-at="2024-12-18T20:02:52 GMT-05:00" duration-ms="7443" status="PASS">
          <reporter-output>
          </reporter-output>
        </test-method> <!-- start -->
        <test-method signature="forgotpassword()[pri:0, instance:testngtest.Forgotpasswordtest@5b7a5baa]" started-at="2024-12-18T20:02:52 GMT-05:00" name="forgotpassword" finished-at="2024-12-18T20:02:53 GMT-05:00" duration-ms="430" status="PASS">
          <reporter-output>
          </reporter-output>
        </test-method> <!-- forgotpassword -->
        <test-method is-config="true" signature="teardown()[pri:0, instance:testngtest.Forgotpasswordtest@5b7a5baa]" started-at="2024-12-18T20:02:53 GMT-05:00" name="teardown" finished-at="2024-12-18T20:02:54 GMT-05:00" duration-ms="1106" status="PASS">
          <reporter-output>
          </reporter-output>
        </test-method> <!-- teardown -->
      </class> <!-- testngtest.Forgotpasswordtest -->
    </test> <!-- Default test -->
  </suite> <!-- Default suite -->
</testng-results>
